<?xml version="1.0" encoding="UTF-8"?>
<!-- Generated by org.testng.reporters.JUnitReportReporter -->
<testsuite hostname="DESKTOP-IK4EE2E" name="WebVerification.HC_AUCU_Overview_GACDW_Verify" tests="4" failures="0" timestamp="3 Jun 2019 17:38:43 GMT" time="914.606" errors="1">
  <testcase name="aucuGenerate" time="244.626" classname="WebVerification.HC_AUCU_Overview_GACDW_Verify"/>
  <testcase name="temdScanLoad" time="304.423" classname="WebVerification.HC_AUCU_Overview_GACDW_Verify"/>
  <testcase name="pageVerify" time="26.131" classname="WebVerification.HC_AUCU_Overview_GACDW_Verify">
    <error type="org.openqa.selenium.NoSuchElementException" message="Cannot locate option with value: 2AU FRANCE---CU FRANCE
For documentation on this error, please visit: http://seleniumhq.org/exceptions/no_such_element.html
Build info: version: &#039;2.53.1&#039;, revision: &#039;a36b8b1cd5757287168e54b817830adce9b0158d&#039;, time: &#039;2016-06-30 19:26:09&#039;
System info: host: &#039;DESKTOP-IK4EE2E&#039;, ip: &#039;9.81.194.221&#039;, os.name: &#039;Windows 10&#039;, os.arch: &#039;amd64&#039;, os.version: &#039;10.0&#039;, java.version: &#039;1.8.0_191&#039;
Driver info: driver.version: unknown">
      <![CDATA[org.openqa.selenium.NoSuchElementException: Cannot locate option with value: 2AU FRANCE---CU FRANCE
For documentation on this error, please visit: http://seleniumhq.org/exceptions/no_such_element.html
Build info: version: '2.53.1', revision: 'a36b8b1cd5757287168e54b817830adce9b0158d', time: '2016-06-30 19:26:09'
System info: host: 'DESKTOP-IK4EE2E', ip: '9.81.194.221', os.name: 'Windows 10', os.arch: 'amd64', os.version: '10.0', java.version: '1.8.0_191'
Driver info: driver.version: unknown
	at org.openqa.selenium.support.ui.Select.selectByValue(Select.java:208)
	at Pages.HC_AUCU_Overview_Page.getaucuIMT(HC_AUCU_Overview_Page.java:87)
	at DataProvider.HC_AUCU_Overview_Verify.verify_IMT_MF_SER(HC_AUCU_Overview_Verify.java:62)
	at WebVerification.HC_AUCU_Overview_GACDW_Verify.pageVerify(HC_AUCU_Overview_GACDW_Verify.java:94)
	at sun.reflect.NativeMethodAccessorImpl.invoke0(Native Method)
	at sun.reflect.NativeMethodAccessorImpl.invoke(Unknown Source)
	at sun.reflect.DelegatingMethodAccessorImpl.invoke(Unknown Source)
	at java.lang.reflect.Method.invoke(Unknown Source)
	at org.testng.internal.MethodInvocationHelper.invokeMethod(MethodInvocationHelper.java:85)
	at org.testng.internal.Invoker.invokeMethod(Invoker.java:639)
	at org.testng.internal.Invoker.invokeTestMethod(Invoker.java:816)
	at org.testng.internal.Invoker.invokeTestMethods(Invoker.java:1124)
	at org.testng.internal.TestMethodWorker.invokeTestMethods(TestMethodWorker.java:125)
	at org.testng.internal.TestMethodWorker.run(TestMethodWorker.java:108)
	at org.testng.TestRunner.privateRun(TestRunner.java:774)
	at org.testng.TestRunner.run(TestRunner.java:624)
	at org.testng.SuiteRunner.runTest(SuiteRunner.java:359)
	at org.testng.SuiteRunner.runSequentially(SuiteRunner.java:354)
	at org.testng.SuiteRunner.privateRun(SuiteRunner.java:312)
	at org.testng.SuiteRunner.run(SuiteRunner.java:261)
	at org.testng.SuiteRunnerWorker.runSuite(SuiteRunnerWorker.java:52)
	at org.testng.SuiteRunnerWorker.run(SuiteRunnerWorker.java:86)
	at org.testng.TestNG.runSuitesSequentially(TestNG.java:1215)
	at org.testng.TestNG.runSuitesLocally(TestNG.java:1140)
	at org.testng.TestNG.run(TestNG.java:1048)
	at org.testng.remote.AbstractRemoteTestNG.run(AbstractRemoteTestNG.java:114)
	at org.testng.remote.RemoteTestNG.initAndRun(RemoteTestNG.java:251)
	at org.testng.remote.RemoteTestNG.main(RemoteTestNG.java:77)
]]>
    </error>
  </testcase> <!-- pageVerify -->
  <testcase name="gacdwgenerate" time="339.426" classname="WebVerification.HC_AUCU_Overview_GACDW_Verify"/>
</testsuite> <!-- WebVerification.HC_AUCU_Overview_GACDW_Verify -->
