<?xml version="1.0" encoding="UTF-8"?>
<!-- Generated by org.testng.reporters.JUnitReportReporter -->
<testsuite skipped="0" hostname="IBM641-PC0GJ3FQ" name="WebVerification.Top_Findings_IMT_Country_TEMD_Verify" tests="4" failures="0" timestamp="15 May 2019 08:27:58 GMT" time="787.010" errors="1">
  <testcase name="cleanLocalFolder" time="0.016" classname="WebVerification.Top_Findings_IMT_Country_TEMD_Verify"/>
  <testcase name="generate" time="409.349" classname="WebVerification.Top_Findings_IMT_Country_TEMD_Verify"/>
  <testcase name="temdScanLoad" time="355.727" classname="WebVerification.Top_Findings_IMT_Country_TEMD_Verify"/>
  <testcase name="TopFindings" time="21.918" classname="WebVerification.Top_Findings_IMT_Country_TEMD_Verify">
    <error type="org.openqa.selenium.NoSuchElementException" message="Cannot locate element with text: 2MEA-kw
For documentation on this error, please visit: http://seleniumhq.org/exceptions/no_such_element.html
Build info: version: &#039;2.53.1&#039;, revision: &#039;a36b8b1cd5757287168e54b817830adce9b0158d&#039;, time: &#039;2016-06-30 19:26:09&#039;
System info: host: &#039;IBM641-PC0GJ3FQ&#039;, ip: &#039;9.204.129.175&#039;, os.name: &#039;Windows 7&#039;, os.arch: &#039;amd64&#039;, os.version: &#039;6.1&#039;, java.version: &#039;1.8.0_211&#039;
Driver info: driver.version: unknown">
      <![CDATA[org.openqa.selenium.NoSuchElementException: Cannot locate element with text: 2MEA-kw
For documentation on this error, please visit: http://seleniumhq.org/exceptions/no_such_element.html
Build info: version: '2.53.1', revision: 'a36b8b1cd5757287168e54b817830adce9b0158d', time: '2016-06-30 19:26:09'
System info: host: 'IBM641-PC0GJ3FQ', ip: '9.204.129.175', os.name: 'Windows 7', os.arch: 'amd64', os.version: '6.1', java.version: '1.8.0_211'
Driver info: driver.version: unknown
at org.openqa.selenium.support.ui.Select.selectByVisibleText(Select.java:150)
at Pages.TopFindings_Page.getimtCountry(TopFindings_Page.java:118)
at DataProvider.Top_Findings_IMT_Country_TEMD.Top_SER_TRA_ALL(Top_Findings_IMT_Country_TEMD.java:61)
at WebVerification.Top_Findings_IMT_Country_TEMD_Verify.TopFindings(Top_Findings_IMT_Country_TEMD_Verify.java:68)
at sun.reflect.NativeMethodAccessorImpl.invoke0(Native Method)
at sun.reflect.NativeMethodAccessorImpl.invoke(Unknown Source)
at sun.reflect.DelegatingMethodAccessorImpl.invoke(Unknown Source)
at java.lang.reflect.Method.invoke(Unknown Source)
at org.testng.internal.MethodInvocationHelper.invokeMethod(MethodInvocationHelper.java:124)
at org.testng.internal.Invoker.invokeMethod(Invoker.java:583)
at org.testng.internal.Invoker.invokeTestMethod(Invoker.java:719)
at org.testng.internal.Invoker.invokeTestMethods(Invoker.java:989)
at org.testng.internal.TestMethodWorker.invokeTestMethods(TestMethodWorker.java:125)
at org.testng.internal.TestMethodWorker.run(TestMethodWorker.java:109)
at org.testng.TestRunner.privateRun(TestRunner.java:648)
at org.testng.TestRunner.run(TestRunner.java:505)
at org.testng.SuiteRunner.runTest(SuiteRunner.java:455)
at org.testng.SuiteRunner.runSequentially(SuiteRunner.java:450)
at org.testng.SuiteRunner.privateRun(SuiteRunner.java:415)
at org.testng.SuiteRunner.run(SuiteRunner.java:364)
at org.testng.SuiteRunnerWorker.runSuite(SuiteRunnerWorker.java:52)
at org.testng.SuiteRunnerWorker.run(SuiteRunnerWorker.java:84)
at org.testng.TestNG.runSuitesSequentially(TestNG.java:1208)
at org.testng.TestNG.runSuitesLocally(TestNG.java:1137)
at org.testng.TestNG.runSuites(TestNG.java:1049)
at org.testng.TestNG.run(TestNG.java:1017)
at org.testng.remote.AbstractRemoteTestNG.run(AbstractRemoteTestNG.java:114)
at org.testng.remote.RemoteTestNG.initAndRun(RemoteTestNG.java:251)
at org.testng.remote.RemoteTestNG.main(RemoteTestNG.java:77)
]]>
    </error>
  </testcase> <!-- TopFindings -->
</testsuite> <!-- WebVerification.Top_Findings_IMT_Country_TEMD_Verify -->
